INFO [2017-05-09 13:42:00] $x
INFO [2017-05-09 13:42:00] list(A = A, D = D, B = B, C = C)
INFO [2017-05-09 13:42:00] 
INFO [2017-05-09 13:42:00] $filename
INFO [2017-05-09 13:42:00] [1] "Venn.tiff"
INFO [2017-05-09 13:42:00] 
INFO [2017-05-09 13:42:00] $col
INFO [2017-05-09 13:42:00] [1] "transparent"
INFO [2017-05-09 13:42:00] 
INFO [2017-05-09 13:42:00] $fill
INFO [2017-05-09 13:42:00] c("cornflowerblue", "green", "yellow", "darkorchid1")
INFO [2017-05-09 13:42:00] 
INFO [2017-05-09 13:42:00] $alpha
INFO [2017-05-09 13:42:00] [1] 0.5
INFO [2017-05-09 13:42:00] 
INFO [2017-05-09 13:42:00] $label.col
INFO [2017-05-09 13:42:00] c("orange", "white", "darkorchid4", "white", "white", "white", 
INFO [2017-05-09 13:42:00]     "white", "white", "darkblue", "white", "white", "white", 
INFO [2017-05-09 13:42:00]     "white", "darkgreen", "white")
INFO [2017-05-09 13:42:00] 
INFO [2017-05-09 13:42:00] $cex
INFO [2017-05-09 13:42:00] [1] 1.5
INFO [2017-05-09 13:42:00] 
INFO [2017-05-09 13:42:00] $fontfamily
INFO [2017-05-09 13:42:00] [1] "serif"
INFO [2017-05-09 13:42:00] 
INFO [2017-05-09 13:42:00] $fontface
INFO [2017-05-09 13:42:00] [1] "bold"
INFO [2017-05-09 13:42:00] 
INFO [2017-05-09 13:42:00] $cat.col
INFO [2017-05-09 13:42:00] c("darkblue", "darkgreen", "orange", "darkorchid4")
INFO [2017-05-09 13:42:00] 
INFO [2017-05-09 13:42:00] $cat.cex
INFO [2017-05-09 13:42:00] [1] 1.5
INFO [2017-05-09 13:42:00] 
INFO [2017-05-09 13:42:00] $cat.pos
INFO [2017-05-09 13:42:00] [1] 0
INFO [2017-05-09 13:42:00] 
INFO [2017-05-09 13:42:00] $cat.dist
INFO [2017-05-09 13:42:00] [1] 0.07
INFO [2017-05-09 13:42:00] 
INFO [2017-05-09 13:42:00] $cat.fontfamily
INFO [2017-05-09 13:42:00] [1] "serif"
INFO [2017-05-09 13:42:00] 
INFO [2017-05-09 13:42:00] $rotation.degree
INFO [2017-05-09 13:42:00] [1] 270
INFO [2017-05-09 13:42:00] 
INFO [2017-05-09 13:42:00] $margin
INFO [2017-05-09 13:42:00] [1] 0.2
INFO [2017-05-09 13:42:00] 
