INFO [2017-05-09 13:06:09] $x
INFO [2017-05-09 13:06:09] list(A = A, D = D, B = B, C = C)
INFO [2017-05-09 13:06:09] 
INFO [2017-05-09 13:06:09] $filename
INFO [2017-05-09 13:06:09] [1] "Venn.tiff"
INFO [2017-05-09 13:06:09] 
INFO [2017-05-09 13:06:09] $col
INFO [2017-05-09 13:06:09] [1] "transparent"
INFO [2017-05-09 13:06:09] 
INFO [2017-05-09 13:06:09] $fill
INFO [2017-05-09 13:06:09] c("cornflowerblue", "green", "yellow", "darkorchid1")
INFO [2017-05-09 13:06:09] 
INFO [2017-05-09 13:06:09] $alpha
INFO [2017-05-09 13:06:09] [1] 0.5
INFO [2017-05-09 13:06:09] 
INFO [2017-05-09 13:06:09] $label.col
INFO [2017-05-09 13:06:09] c("orange", "white", "darkorchid4", "white", "white", "white", 
INFO [2017-05-09 13:06:09]     "white", "white", "darkblue", "white", "white", "white", 
INFO [2017-05-09 13:06:09]     "white", "darkgreen", "white")
INFO [2017-05-09 13:06:09] 
INFO [2017-05-09 13:06:09] $cex
INFO [2017-05-09 13:06:09] [1] 1.5
INFO [2017-05-09 13:06:09] 
INFO [2017-05-09 13:06:09] $fontfamily
INFO [2017-05-09 13:06:09] [1] "serif"
INFO [2017-05-09 13:06:09] 
INFO [2017-05-09 13:06:09] $fontface
INFO [2017-05-09 13:06:09] [1] "bold"
INFO [2017-05-09 13:06:09] 
INFO [2017-05-09 13:06:09] $cat.col
INFO [2017-05-09 13:06:09] c("darkblue", "darkgreen", "orange", "darkorchid4")
INFO [2017-05-09 13:06:09] 
INFO [2017-05-09 13:06:09] $cat.cex
INFO [2017-05-09 13:06:09] [1] 1.5
INFO [2017-05-09 13:06:09] 
INFO [2017-05-09 13:06:09] $cat.pos
INFO [2017-05-09 13:06:09] [1] 0
INFO [2017-05-09 13:06:09] 
INFO [2017-05-09 13:06:09] $cat.dist
INFO [2017-05-09 13:06:09] [1] 0.07
INFO [2017-05-09 13:06:09] 
INFO [2017-05-09 13:06:09] $cat.fontfamily
INFO [2017-05-09 13:06:09] [1] "serif"
INFO [2017-05-09 13:06:09] 
INFO [2017-05-09 13:06:09] $rotation.degree
INFO [2017-05-09 13:06:09] [1] 270
INFO [2017-05-09 13:06:09] 
INFO [2017-05-09 13:06:09] $margin
INFO [2017-05-09 13:06:09] [1] 0.2
INFO [2017-05-09 13:06:09] 
